{"name": "test_watchlist", "status": "broken", "statusDetails": {"message": "selenium.common.exceptions.WebDriverException: Message: unknown error: cannot find Chrome binary\nStacktrace:\n#0 0x5be27ec824e3 <unknown>\n#1 0x5be27e9b1c76 <unknown>\n#2 0x5be27e9d8757 <unknown>\n#3 0x5be27e9d7029 <unknown>\n#4 0x5be27ea15ccc <unknown>\n#5 0x5be27ea1547f <unknown>\n#6 0x5be27ea0cde3 <unknown>\n#7 0x5be27e9e22dd <unknown>\n#8 0x5be27e9e334e <unknown>\n#9 0x5be27ec423e4 <unknown>\n#10 0x5be27ec463d7 <unknown>\n#11 0x5be27ec50b20 <unknown>\n#12 0x5be27ec47023 <unknown>\n#13 0x5be27ec151aa <unknown>\n#14 0x5be27ec6b6b8 <unknown>\n#15 0x5be27ec6b847 <unknown>\n#16 0x5be27ec7b243 <unknown>\n#17 0x7e18ff83daa4 <unknown>\n#18 0x7e18ff8cac6c <unknown>", "trace": "def test_watchlist():\n>       driver = get_driver()\n\ntest_login_watchlist.py:18: \n_ _ _ _ _ _ _ _ _ _ _ _ _ _ _ _ _ _ _ _ _ _ _ _ _ _ _ _ _ _ _ _ _ _ _ _ _ _ _ _ _ _ _ _ _ _ _ _ _ _ _ _ _ _ _ _ _ _ _ _ _ _ _ _ _ _ _ _ _ _ _ _ _ _ _ _ _ _ _ _ _ _\ntest_login_watchlist.py:15: in get_driver\n    return webdriver.Chrome(service=service, options=options)\n/usr/local/python/3.12.1/lib/python3.12/site-packages/selenium/webdriver/chrome/webdriver.py:45: in __init__\n    super().__init__(\n/usr/local/python/3.12.1/lib/python3.12/site-packages/selenium/webdriver/chromium/webdriver.py:56: in __init__\n    super().__init__(\n/usr/local/python/3.12.1/lib/python3.12/site-packages/selenium/webdriver/remote/webdriver.py:205: in __init__\n    self.start_session(capabilities)\n/usr/local/python/3.12.1/lib/python3.12/site-packages/selenium/webdriver/remote/webdriver.py:289: in start_session\n    response = self.execute(Command.NEW_SESSION, caps)[\"value\"]\n/usr/local/python/3.12.1/lib/python3.12/site-packages/selenium/webdriver/remote/webdriver.py:344: in execute\n    self.error_handler.check_response(response)\n_ _ _ _ _ _ _ _ _ _ _ _ _ _ _ _ _ _ _ _ _ _ _ _ _ _ _ _ _ _ _ _ _ _ _ _ _ _ _ _ _ _ _ _ _ _ _ _ _ _ _ _ _ _ _ _ _ _ _ _ _ _ _ _ _ _ _ _ _ _ _ _ _ _ _ _ _ _ _ _ _ _\n\nself = <selenium.webdriver.remote.errorhandler.ErrorHandler object at 0x7ee989fd8d10>\nresponse = {'status': 500, 'value': '{\"value\":{\"error\":\"unknown error\",\"message\":\"unknown error: cannot find Chrome binary\",\"stac...\\\\n#16 0x5be27ec7b243 \\\\u003Cunknown>\\\\n#17 0x7e18ff83daa4 \\\\u003Cunknown>\\\\n#18 0x7e18ff8cac6c \\\\u003Cunknown>\\\\n\"}}'}\n\n    def check_response(self, response: Dict[str, Any]) -> None:\n        \"\"\"Checks that a JSON response from the WebDriver does not have an\n        error.\n    \n        :Args:\n         - response - The JSON response from the WebDriver server as a dictionary\n           object.\n    \n        :Raises: If the response contains an error message.\n        \"\"\"\n        status = response.get(\"status\", None)\n        if not status or status == ErrorCode.SUCCESS:\n            return\n        value = None\n        message = response.get(\"message\", \"\")\n        screen: str = response.get(\"screen\", \"\")\n        stacktrace = None\n        if isinstance(status, int):\n            value_json = response.get(\"value\", None)\n            if value_json and isinstance(value_json, str):\n                import json\n    \n                try:\n                    value = json.loads(value_json)\n                    if len(value) == 1:\n                        value = value[\"value\"]\n                    status = value.get(\"error\", None)\n                    if not status:\n                        status = value.get(\"status\", ErrorCode.UNKNOWN_ERROR)\n                        message = value.get(\"value\") or value.get(\"message\")\n                        if not isinstance(message, str):\n                            value = message\n                            message = message.get(\"message\")\n                    else:\n                        message = value.get(\"message\", None)\n                except ValueError:\n                    pass\n    \n        exception_class: Type[WebDriverException]\n        e = ErrorCode()\n        error_codes = [item for item in dir(e) if not item.startswith(\"__\")]\n        for error_code in error_codes:\n            error_info = getattr(ErrorCode, error_code)\n            if isinstance(error_info, list) and status in error_info:\n                exception_class = getattr(ExceptionMapping, error_code, WebDriverException)\n                break\n        else:\n            exception_class = WebDriverException\n    \n        if not value:\n            value = response[\"value\"]\n        if isinstance(value, str):\n            raise exception_class(value)\n        if message == \"\" and \"message\" in value:\n            message = value[\"message\"]\n    \n        screen = None  # type: ignore[assignment]\n        if \"screen\" in value:\n            screen = value[\"screen\"]\n    \n        stacktrace = None\n        st_value = value.get(\"stackTrace\") or value.get(\"stacktrace\")\n        if st_value:\n            if isinstance(st_value, str):\n                stacktrace = st_value.split(\"\\n\")\n            else:\n                stacktrace = []\n                try:\n                    for frame in st_value:\n                        line = frame.get(\"lineNumber\", \"\")\n                        file = frame.get(\"fileName\", \"<anonymous>\")\n                        if line:\n                            file = f\"{file}:{line}\"\n                        meth = frame.get(\"methodName\", \"<anonymous>\")\n                        if \"className\" in frame:\n                            meth = f\"{frame['className']}.{meth}\"\n                        msg = \"    at %s (%s)\"\n                        msg = msg % (meth, file)\n                        stacktrace.append(msg)\n                except TypeError:\n                    pass\n        if exception_class == UnexpectedAlertPresentException:\n            alert_text = None\n            if \"data\" in value:\n                alert_text = value[\"data\"].get(\"text\")\n            elif \"alert\" in value:\n                alert_text = value[\"alert\"].get(\"text\")\n            raise exception_class(message, screen, stacktrace, alert_text)  # type: ignore[call-arg]  # mypy is not smart enough here\n>       raise exception_class(message, screen, stacktrace)\nE       selenium.common.exceptions.WebDriverException: Message: unknown error: cannot find Chrome binary\nE       Stacktrace:\nE       #0 0x5be27ec824e3 <unknown>\nE       #1 0x5be27e9b1c76 <unknown>\nE       #2 0x5be27e9d8757 <unknown>\nE       #3 0x5be27e9d7029 <unknown>\nE       #4 0x5be27ea15ccc <unknown>\nE       #5 0x5be27ea1547f <unknown>\nE       #6 0x5be27ea0cde3 <unknown>\nE       #7 0x5be27e9e22dd <unknown>\nE       #8 0x5be27e9e334e <unknown>\nE       #9 0x5be27ec423e4 <unknown>\nE       #10 0x5be27ec463d7 <unknown>\nE       #11 0x5be27ec50b20 <unknown>\nE       #12 0x5be27ec47023 <unknown>\nE       #13 0x5be27ec151aa <unknown>\nE       #14 0x5be27ec6b6b8 <unknown>\nE       #15 0x5be27ec6b847 <unknown>\nE       #16 0x5be27ec7b243 <unknown>\nE       #17 0x7e18ff83daa4 <unknown>\nE       #18 0x7e18ff8cac6c <unknown>\n\n/usr/local/python/3.12.1/lib/python3.12/site-packages/selenium/webdriver/remote/errorhandler.py:229: WebDriverException"}, "attachments": [{"name": "stderr", "source": "ead7e94b-b066-460b-bd67-ba55597045d1-attachment.txt", "type": "text/plain"}], "start": 1763720756099, "stop": 1763720757052, "uuid": "1c259eb9-fe0d-4f60-a8b7-c861dceed326", "historyId": "6093723dec846febe32abbd747c8857c", "testCaseId": "6093723dec846febe32abbd747c8857c", "fullName": "test_login_watchlist#test_watchlist", "labels": [{"name": "suite", "value": "test_login_watchlist"}, {"name": "host", "value": "codespaces-77a058"}, {"name": "thread", "value": "22828-MainThread"}, {"name": "framework", "value": "pytest"}, {"name": "language", "value": "cpython3"}, {"name": "package", "value": "test_login_watchlist"}]}